<?xml version="1.0" encoding="UTF-8"?>
<!-- Generated by org.testng.reporters.JUnitReportReporter -->
<testsuite hostname="LAPTOP-3F2IV7FC" failures="0" tests="3" name="testcases.Buzz" time="10.415" errors="0" timestamp="17 Oct 2021 21:09:00 GMT" skipped="0">
  <testcase classname="testcases.Buzz" name="VerifyUserAddPostSuccessfully" time="8.287"/>
  <testcase classname="testcases.Buzz" name="VerifyImagePostSuccessfully" time="0.689"/>
  <testcase classname="testcases.Buzz" name="VerifyPostDeletedSuccessfully" time="1.439"/>
</testsuite> <!-- testcases.Buzz -->
