<?xml version="1.0" encoding="UTF-8"?>
<!-- Generated by org.testng.reporters.JUnitReportReporter -->
<testsuite hostname="LAPTOP-3F2IV7FC" failures="0" tests="3" name="testcases.Configure" time="2.232" errors="0" timestamp="17 Oct 2021 21:09:00 GMT" skipped="0">
  <testcase classname="testcases.Configure" name="VerifyUserOnConfigurePimPage" time="0.968"/>
  <testcase classname="testcases.Configure" name="VerifyStatusOfCheckBoxesBeforeEdit" time="0.152"/>
  <testcase classname="testcases.Configure" name="Updatecheckboxes" time="1.112"/>
</testsuite> <!-- testcases.Configure -->
