<?xml version="1.0" encoding="UTF-8"?>
<!-- Generated by org.testng.reporters.JUnitReportReporter -->
<testsuite hostname="LAPTOP-3F2IV7FC" failures="0" tests="6" name="testcases.AddEmployee" time="12.712" errors="0" timestamp="17 Oct 2021 21:09:00 GMT" skipped="0">
  <testcase classname="testcases.AddEmployee" name="VerifyUserOnAddEmployeeSection" time="0.946"/>
  <testcase classname="testcases.AddEmployee" name="VerifyAddEmployee" time="2.272"/>
  <testcase classname="testcases.AddEmployee" name="VerifyAddEmployee" time="2.642"/>
  <testcase classname="testcases.AddEmployee" name="VerifyAddEmployee" time="2.242"/>
  <testcase classname="testcases.AddEmployee" name="VerifyAddEmployee" time="2.272"/>
  <testcase classname="testcases.AddEmployee" name="VerifyAddEmployee" time="2.338"/>
</testsuite> <!-- testcases.AddEmployee -->
