<?xml version="1.0" encoding="UTF-8"?>
<!-- Generated by org.testng.reporters.JUnitReportReporter -->
<testsuite hostname="LAPTOP-3F2IV7FC" failures="0" tests="2" name="testcases.DeleteEmployee" time="12.020" errors="0" timestamp="17 Oct 2021 21:09:00 GMT" skipped="0">
  <testcase classname="testcases.DeleteEmployee" name="DeleteEmployeeSelectedRecord" time="11.226"/>
  <testcase classname="testcases.DeleteEmployee" name="VerifyDeletedRecordNotFoundInList" time="0.794"/>
</testsuite> <!-- testcases.DeleteEmployee -->
