<?xml version="1.0" encoding="UTF-8"?>
<!-- Generated by org.testng.reporters.JUnitReportReporter -->
<testsuite hostname="LAPTOP-3F2IV7FC" failures="0" tests="2" name="testcases.Systemuser" time="14.506" errors="0" timestamp="17 Oct 2021 21:09:00 GMT" skipped="0">
  <testcase classname="testcases.Systemuser" name="VerifyEditRecord" time="12.947"/>
  <testcase classname="testcases.Systemuser" name="VerifyDeleteRecord" time="1.559"/>
</testsuite> <!-- testcases.Systemuser -->
