<?xml version="1.0" encoding="UTF-8"?>
<!-- Generated by org.testng.reporters.JUnitReportReporter -->
<testsuite hostname="LAPTOP-3F2IV7FC" failures="0" tests="13" name="testcases.EditEmployeeRecord" time="33.783" errors="0" timestamp="17 Oct 2021 21:09:00 GMT" skipped="0">
  <testcase classname="testcases.EditEmployeeRecord" name="verifyDateValidationMesageshow" time="2.398"/>
  <testcase classname="testcases.EditEmployeeRecord" name="VerifyEmployeeRecordEditSuccessfully" time="2.985"/>
  <testcase classname="testcases.EditEmployeeRecord" name="VerifyCustomFieldEditSuccessfully" time="1.352"/>
  <testcase classname="testcases.EditEmployeeRecord" name="VerifyFileAttachmentSuccessfully" time="1.637"/>
  <testcase classname="testcases.EditEmployeeRecord" name="VerifyEmployeeProfilePictureUploadSuccessfully" time="1.891"/>
  <testcase classname="testcases.EditEmployeeRecord" name="VerifyContactDetailAddedSuccessfully" time="3.121"/>
  <testcase classname="testcases.EditEmployeeRecord" name="ValidateEmergencyContactAddedSuccessfully" time="2.551"/>
  <testcase classname="testcases.EditEmployeeRecord" name="ValidateImmigrationRecordAddedSuccessfully" time="2.472"/>
  <testcase classname="testcases.EditEmployeeRecord" name="ValidatejobEditSuccessfully" time="2.905"/>
  <testcase classname="testcases.EditEmployeeRecord" name="ValidateSalaryAddedSuccessfully" time="2.999"/>
  <testcase classname="testcases.EditEmployeeRecord" name="ValidateTaxExemptionAddedSuccessfully" time="2.305"/>
  <testcase classname="testcases.EditEmployeeRecord" name="ValidateMemberShipEditSuccessFully" time="3.711"/>
  <testcase classname="testcases.EditEmployeeRecord" name="ValidateEditEmployeeDeletedSuccessfully" time="3.456"/>
</testsuite> <!-- testcases.EditEmployeeRecord -->
