<?xml version="1.0" encoding="UTF-8"?>
<!-- Generated by org.testng.reporters.JUnitReportReporter -->
<testsuite hostname="LAPTOP-3F2IV7FC" failures="0" tests="5" name="testcases.AddJobTitle" time="8.447" errors="0" timestamp="17 Oct 2021 21:09:00 GMT" skipped="0">
  <testcase classname="testcases.AddJobTitle" name="VerifyUserOnAddJobTitlePage" time="1.144"/>
  <testcase classname="testcases.AddJobTitle" name="Add_JobTittle" time="1.869"/>
  <testcase classname="testcases.AddJobTitle" name="Add_JobTittle" time="2.045"/>
  <testcase classname="testcases.AddJobTitle" name="Add_JobTittle" time="2.049"/>
  <testcase classname="testcases.AddJobTitle" name="DeleteAllRecord" time="1.340"/>
</testsuite> <!-- testcases.AddJobTitle -->
