<?xml version="1.0" encoding="UTF-8"?>
<!-- Generated by org.testng.reporters.JUnitReportReporter -->
<testsuite hostname="LAPTOP-3F2IV7FC" failures="0" tests="4" name="testcases.CustomField" time="5.502" errors="0" timestamp="17 Oct 2021 21:09:00 GMT" skipped="0">
  <testcase classname="testcases.CustomField" name="validateUserlandOnAccurateSection" time="1.383"/>
  <testcase classname="testcases.CustomField" name="VerifyAddCustomFieldSuccessfully" time="1.263"/>
  <testcase classname="testcases.CustomField" name="VerifyEditCustomFieldsuccessfully" time="1.690"/>
  <testcase classname="testcases.CustomField" name="DeleteCustomFieldSuccessfully" time="1.166"/>
</testsuite> <!-- testcases.CustomField -->
