<?xml version="1.0" encoding="UTF-8"?>
<!-- Generated by org.testng.reporters.JUnitReportReporter -->
<testsuite hostname="LAPTOP-3F2IV7FC" failures="0" tests="3" name="testcases.Login" time="4.040" errors="0" timestamp="17 Oct 2021 21:09:00 GMT" skipped="0">
  <testcase classname="testcases.Login" name="InvalidLogin" time="1.528"/>
  <testcase classname="testcases.Login" name="EmptyLogin" time="0.419"/>
  <testcase classname="testcases.Login" name="loginSuccessfully" time="2.093"/>
</testsuite> <!-- testcases.Login -->
